<?xml version="1.0" encoding="UTF-8"?>
<!-- Generated by org.testng.reporters.JUnitReportReporter -->
<testsuite hostname="DESKTOP-PHHCT25" failures="0" tests="10" name="runner.TestRunner" time="11.440" errors="0" timestamp="2022-08-16T09:45:04 IST" skipped="0">
  <testcase classname="runner.TestRunner" name="runScenario" time="0.764"/>
  <system-out/>
  <testcase classname="runner.TestRunner" name="runScenario" time="0.139"/>
  <system-out/>
  <testcase classname="runner.TestRunner" name="runScenario" time="0.470"/>
  <system-out/>
  <testcase classname="runner.TestRunner" name="runScenario" time="0.510"/>
  <system-out/>
  <testcase classname="runner.TestRunner" name="runScenario" time="0.280"/>
  <system-out/>
  <testcase classname="runner.TestRunner" name="runScenario" time="0.512"/>
  <system-out/>
  <testcase classname="runner.TestRunner" name="runScenario" time="0.342"/>
  <system-out/>
  <testcase classname="runner.TestRunner" name="runScenario" time="6.943"/>
  <system-out/>
  <testcase classname="runner.TestRunner" name="runScenario" time="0.410"/>
  <system-out/>
  <testcase classname="runner.TestRunner" name="runScenario" time="1.070"/>
  <system-out/>
</testsuite> <!-- runner.TestRunner -->
